#
# There is insufficient memory for the Java Runtime Environment to continue.
# Native memory allocation (malloc) failed to allocate 1048576 bytes for AllocateHeap
# Possible reasons:
#   The system is out of physical RAM or swap space
#   In 32 bit mode, the process size limit was hit
# Possible solutions:
#   Reduce memory load on the system
#   Increase physical memory or swap space
#   Check if swap backing store is full
#   Use 64 bit Java on a 64 bit OS
#   Decrease Java heap size (-Xmx/-Xms)
#   Decrease number of Java threads
#   Decrease Java thread stack sizes (-Xss)
#   Set larger code cache with -XX:ReservedCodeCacheSize=
# This output file may be truncated or incomplete.
#
#  Out of Memory Error (memory/allocation.inline.hpp:61), pid=23928, tid=0x0000000000005db4
#
# JRE version:  (8.0_191-b12) (build )
# Java VM: Java HotSpot(TM) 64-Bit Server VM (25.191-b12 mixed mode windows-amd64 compressed oops)
# Failed to write core dump. Minidumps are not enabled by default on client versions of Windows
#

---------------  T H R E A D  ---------------

Current thread (0x000000000268e800):  JavaThread "Unknown thread" [_thread_in_vm, id=23988, stack(0x0000000002510000,0x0000000002610000)]

Stack: [0x0000000002510000,0x0000000002610000]
[error occurred during error reporting (printing stack bounds), id 0xc0000005]

Native frames: (J=compiled Java code, j=interpreted, Vv=VM code, C=native code)


---------------  P R O C E S S  ---------------

Java Threads: ( => current thread )

Other Threads:

=>0x000000000268e800 (exited) JavaThread "Unknown thread" [_thread_in_vm, id=23988, stack(0x0000000002510000,0x0000000002610000)]

VM state:not at safepoint (normal execution)

VM Mutex/Monitor currently owned by a thread: None

Heap:
 PSYoungGen      total 76288K, used 1310K [0x000000076b000000, 0x0000000770500000, 0x00000007c0000000)
  eden space 65536K, 2% used [0x000000076b000000,0x000000076b147af0,0x000000076f000000)
  from space 10752K, 0% used [0x000000076fa80000,0x000000076fa80000,0x0000000770500000)
  to   space 10752K, 0% used [0x000000076f000000,0x000000076f000000,0x000000076fa80000)
 ParOldGen       total 175104K, used 0K [0x00000006c1000000, 0x00000006cbb00000, 0x000000076b000000)
  object space 175104K, 0% used [0x00000006c1000000,0x00000006c1000000,0x00000006cbb00000)
 Metaspace       used 775K, capacity 4480K, committed 4480K, reserved 1056768K
  class space    used 76K, capacity 384K, committed 384K, reserved 1048576K

Card table byte_map: [0x0000000011b50000,0x0000000012350000] byte_map_base: 0x000000000e548000

Marking Bits: (ParMarkBitMap*) 0x000000006e4a3e30
 Begin Bits: [0x00000000132a0000, 0x0000000017260000)
 End Bits:   [0x0000000017260000, 0x000000001b220000)

Polling page: 0x0000000000bc0000

CodeCache: size=245760Kb used=327Kb max_used=327Kb free=245432Kb
 bounds [0x0000000002790000, 0x0000000002a00000, 0x0000000011790000]
 total_blobs=57 nmethods=0 adapters=38
 compilation: enabled

Compilation events (0 events):
No events

GC Heap History (0 events):
No events

Deoptimization events (0 events):
No events

Classes redefined (0 events):
No events

Internal exceptions (0 events):
No events

Events (10 events):
Event: 0.220 loading class java/lang/Short
Event: 0.220 loading class java/lang/Short done
Event: 0.220 loading class java/lang/Integer
Event: 0.220 loading class java/lang/Integer done
Event: 0.220 loading class java/lang/Long
Event: 0.220 loading class java/lang/Long done
Event: 0.221 loading class java/lang/NullPointerException
Event: 0.221 loading class java/lang/NullPointerException done
Event: 0.221 loading class java/lang/ArithmeticException
Event: 0.221 loading class java/lang/ArithmeticException done


Dynamic libraries:
0x00007ff7c5260000 - 0x00007ff7c5297000 	E:\Program Files\Java\jdk1.8.0_191\bin\javaw.exe
0x00007ffde6210000 - 0x00007ffde6405000 	C:\WINDOWS\SYSTEM32\ntdll.dll
0x00007ffde5270000 - 0x00007ffde532d000 	C:\WINDOWS\System32\KERNEL32.DLL
0x00007ffde3940000 - 0x00007ffde3c09000 	C:\WINDOWS\System32\KERNELBASE.dll
0x00007ffde6120000 - 0x00007ffde61cc000 	C:\WINDOWS\System32\ADVAPI32.dll
0x00007ffde5470000 - 0x00007ffde550e000 	C:\WINDOWS\System32\msvcrt.dll
0x00007ffde4950000 - 0x00007ffde49eb000 	C:\WINDOWS\System32\sechost.dll
0x00007ffde5000000 - 0x00007ffde512a000 	C:\WINDOWS\System32\RPCRT4.dll
0x00007ffde4320000 - 0x00007ffde44c0000 	C:\WINDOWS\System32\USER32.dll
0x00007ffde3fb0000 - 0x00007ffde3fd2000 	C:\WINDOWS\System32\win32u.dll
0x00007ffde4dd0000 - 0x00007ffde4dfa000 	C:\WINDOWS\System32\GDI32.dll
0x00007ffde3e40000 - 0x00007ffde3f4b000 	C:\WINDOWS\System32\gdi32full.dll
0x00007ffde3c10000 - 0x00007ffde3cad000 	C:\WINDOWS\System32\msvcp_win.dll
0x00007ffde3d40000 - 0x00007ffde3e40000 	C:\WINDOWS\System32\ucrtbase.dll
0x00007ffdce620000 - 0x00007ffdce8ba000 	C:\WINDOWS\WinSxS\amd64_microsoft.windows.common-controls_6595b64144ccf1df_6.0.19041.1110_none_60b5254171f9507e\COMCTL32.dll
0x00007ffde5f50000 - 0x00007ffde5f80000 	C:\WINDOWS\System32\IMM32.DLL
0x000000006e610000 - 0x000000006e6e2000 	E:\Program Files\Java\jdk1.8.0_191\jre\bin\msvcr100.dll
0x000000006dc80000 - 0x000000006e524000 	E:\Program Files\Java\jdk1.8.0_191\jre\bin\server\jvm.dll
0x00007ffde5400000 - 0x00007ffde5408000 	C:\WINDOWS\System32\PSAPI.DLL
0x00007ffdca910000 - 0x00007ffdca919000 	C:\WINDOWS\SYSTEM32\WSOCK32.dll
0x00007ffdda950000 - 0x00007ffdda95a000 	C:\WINDOWS\SYSTEM32\VERSION.dll
0x00007ffdd9910000 - 0x00007ffdd9937000 	C:\WINDOWS\SYSTEM32\WINMM.dll
0x00007ffde4f90000 - 0x00007ffde4ffb000 	C:\WINDOWS\System32\WS2_32.dll
0x000000006db90000 - 0x000000006db9f000 	E:\Program Files\Java\jdk1.8.0_191\jre\bin\verify.dll
0x000000006db60000 - 0x000000006db89000 	E:\Program Files\Java\jdk1.8.0_191\jre\bin\java.dll
0x000000006db40000 - 0x000000006db56000 	E:\Program Files\Java\jdk1.8.0_191\jre\bin\zip.dll

VM Arguments:
jvm_args: -Dfile.encoding=Cp1252 
java_command: Main
java_class_path (initial): E:\Users\tinph\eclipse-workspace\Chess\bin
Launcher Type: SUN_STANDARD

Environment Variables:
PATH=E:/Program Files/Java/jdk1.8.0_191/bin/../jre/bin/server;E:/Program Files/Java/jdk1.8.0_191/bin/../jre/bin;E:/Program Files/Java/jdk1.8.0_191/bin/../jre/lib/amd64;C:\Program Files (x86)\Razer Chroma SDK\bin;C:\Program Files\Razer Chroma SDK\bin;C:\Program Files (x86)\Razer\ChromaBroadcast\bin;C:\Program Files\Razer\ChromaBroadcast\bin;C:\Program Files (x86)\Common Files\Oracle\Java\javapath;"C:\Program Files (x86)\Common Files\Oracle\Java\javapath;cygwin-directory\bin";C:\Windows\system32;C:\Windows;C:\Windows\System32\Wbem;C:\Windows\System32\WindowsPowerShell\v1.0\;C:\Windows\System32\OpenSSH\;E:\Program Files (x86)\Gpg4win\..\GnuPG\bin;C:\WINDOWS\system32;C:\WINDOWS;C:\WINDOWS\System32\Wbem;C:\WINDOWS\System32\WindowsPowerShell\v1.0\;C:\WINDOWS\System32\OpenSSH\;C:\ProgramData\chocolatey\bin;C:\WINDOWS\system32\config\systemprofile\AppData\Local\Microsoft\WindowsApps;E:\Program Files\Git\cmd;E:\Program Files\nodejs\;C:\Program Files\dotnet\;C:\Users\tinph\AppData\Local\Microsoft\WindowsApps;C:\tools\dart-sdk\bin;C:\Users\tinph\AppData\Roaming\Pub\Cache\bin;E:\Program Files (x86)\GnuWin32\bin;C:\Users\tinph\AppData\Roaming\npm;E:\Users\tinph\eclipse\java-2019-09\eclipse;
USERNAME=Tin_Pham
OS=Windows_NT
PROCESSOR_IDENTIFIER=AMD64 Family 23 Model 8 Stepping 2, AuthenticAMD



---------------  S Y S T E M  ---------------

OS: Windows 10.0 , 64 bit Build 19041 (10.0.19041.1151)

CPU:total 12 (initial active 12) (12 cores per cpu, 1 threads per core) family 23 model 8 stepping 2, cmov, cx8, fxsr, mmx, sse, sse2, sse3, ssse3, sse4.1, sse4.2, popcnt, avx, avx2, aes, clmul, mmxext, 3dnowpref, lzcnt, sse4a, tsc, tscinvbit, tscinv, bmi1

Memory: 4k page, physical 16708336k(8539844k free), swap 45944888k(6456k free)

vm_info: Java HotSpot(TM) 64-Bit Server VM (25.191-b12) for windows-amd64 JRE (1.8.0_191-b12), built on Oct  6 2018 09:29:03 by "java_re" with MS VC++ 10.0 (VS2010)

time: Thu Sep 09 13:03:57 2021
elapsed time: 0 seconds (0d 0h 0m 0s)

